info it worked if it ends with ok
verbose cli [ 'node', '/usr/local/bin/npm', 'test' ]
info using npm@1.0.104
info using node@v0.4.12
verbose /usr/local/bin/node node symlink
verbose config file /Users/mwawrusch/.npmrc
verbose config file /usr/local/etc/npmrc
verbose config file /usr/local/lib/node_modules/npm/npmrc
silly testEngine { name: 'plates',
silly testEngine   version: '0.1.0',
silly testEngine   description: 'Unobtrusive templating for the flatiron framework',
silly testEngine   keywords: [ 'templates', 'templating', 'unobtrusive' ],
silly testEngine   author: { name: 'hij1nx', email: 'hij1nx@gmail.com' },
silly testEngine   licenses: [ { type: 'MIT' } ],
silly testEngine   repositories: 
silly testEngine    [ { type: 'git',
silly testEngine        url: 'git://github.com/flatiron/plates.git' } ],
silly testEngine   devDependencies: { vows: '*', mustache: '*', benchmark: '*' },
silly testEngine   scripts: { test: 'vows --spec test/*test.js' },
silly testEngine   engines: [ 'node', node: '*' ],
silly testEngine   main: './lib/index.js',
silly testEngine   _npmUser: { name: 'mwawrusch', email: 'martin@wawrusch.com' },
silly testEngine   _id: 'plates@0.1.0',
silly testEngine   dependencies: {},
silly testEngine   _engineSupported: true,
silly testEngine   _npmVersion: '1.0.104',
silly testEngine   _nodeVersion: 'v0.4.12',
silly testEngine   _defaultsLoaded: true }
verbose caching /Users/mwawrusch/Documents/_old_and_ideas/pld2/plates/package.json
verbose loadDefaults plates@0.1.0
verbose run-script [ 'pretest', 'test', 'posttest' ]
info pretest plates@0.1.0
info test plates@0.1.0
verbose unsafe-perm in lifecycle true
silly exec sh "-c" "vows --spec test/*test.js"
silly spawning [ 'sh',
silly spawning   [ '-c', 'vows --spec test/*test.js' ],
silly spawning   '/Users/mwawrusch/Documents/_old_and_ideas/pld2/plates' ]
info plates@0.1.0 Failed to exec test script
ERR! plates@0.1.0 test: `vows --spec test/*test.js`
ERR! `sh "-c" "vows --spec test/*test.js"` failed with 1
ERR! 
ERR! Failed at the plates@0.1.0 test script.
ERR! This is most likely a problem with the plates package,
ERR! not with npm itself.
ERR! Tell the author that this fails on your system:
ERR!     vows --spec test/*test.js
ERR! You can get their info via:
ERR!     npm owner ls plates
ERR! There is likely additional logging output above.
ERR! 
ERR! System Darwin 11.2.0
ERR! command "node" "/usr/local/bin/npm" "test"
ERR! cwd /Users/mwawrusch/Documents/_old_and_ideas/pld2/plates
ERR! node -v v0.4.12
ERR! npm -v 1.0.104
ERR! code ELIFECYCLE
verbose exit [ 1, true ]
